<?xml version="1.0" encoding="UTF-8"?>
<!-- Generated by org.testng.reporters.JUnitXMLReporter -->
<testsuite ignored="4" hostname="DESKTOP-HILNRCA" failures="0" tests="10" name="Surefire test" time="15.675" errors="0" timestamp="2026-04-24T15:24:38 IST">
  <testcase classname="api.test.DataDrivenUserTests" name="testUserCreateDatadriven" time="3.057"/>
  <testcase classname="api.test.DataDrivenUserTests" name="testUserCreateDatadriven" time="1.269"/>
  <testcase classname="api.test.DataDrivenUserTests" name="testUserCreateDatadriven" time="1.23"/>
  <testcase classname="api.test.DataDrivenUserTests" name="testGetUserDataDriven" time="1.242"/>
  <testcase classname="api.test.DataDrivenUserTests" name="testGetUserDataDriven" time="1.219"/>
  <testcase classname="api.test.DataDrivenUserTests" name="testGetUserDataDriven" time="1.201"/>
  <testcase classname="api.test.DataDrivenUserTests" name="testDeleteUserDataDriven" time="1.226"/>
  <testcase classname="api.test.DataDrivenUserTests" name="testDeleteUserDataDriven" time="1.248"/>
  <testcase classname="api.test.DataDrivenUserTests" name="testDeleteUserDataDriven" time="1.177"/>
  <testcase classname="api.test.UserTests" name="testCreateUser" time="1.206"/>
  <testcase classname="api.test.BaseTest" name="@BeforeSuite initializeSuite" time="0.0">
    <ignored/>
  </testcase> <!-- @BeforeSuite initializeSuite -->
  <testcase classname="api.test.BaseTest" name="@AfterSuite endSuite" time="0.0">
    <ignored/>
  </testcase> <!-- @AfterSuite endSuite -->
  <testcase classname="api.test.BaseTest" name="@AfterSuite endSuite" time="0.0">
    <ignored/>
  </testcase> <!-- @AfterSuite endSuite -->
  <testcase classname="api.test.BaseTest" name="@BeforeSuite initializeSuite" time="0.0">
    <ignored/>
  </testcase> <!-- @BeforeSuite initializeSuite -->
</testsuite> <!-- Surefire test -->
