<?xml version="1.0" encoding="UTF-8"?>
<!-- Generated by org.testng.reporters.JUnitXMLReporter -->
<testsuite ignored="0" hostname="DESKTOP-HILNRCA" failures="0" tests="9" name="Default test" time="15.889" errors="0" timestamp="2026-04-22T22:34:30 IST">
  <testcase classname="api.test.DataDrivenUserTests" name="testUserCreateDatadriven" time="3.863"/>
  <testcase classname="api.test.DataDrivenUserTests" name="testUserCreateDatadriven" time="1.336"/>
  <testcase classname="api.test.DataDrivenUserTests" name="testUserCreateDatadriven" time="1.294"/>
  <testcase classname="api.test.DataDrivenUserTests" name="testGetUserDataDriven" time="1.258"/>
  <testcase classname="api.test.DataDrivenUserTests" name="testGetUserDataDriven" time="1.243"/>
  <testcase classname="api.test.DataDrivenUserTests" name="testGetUserDataDriven" time="1.33"/>
  <testcase classname="api.test.DataDrivenUserTests" name="testDeleteUserDataDriven" time="1.766"/>
  <testcase classname="api.test.DataDrivenUserTests" name="testDeleteUserDataDriven" time="1.304"/>
  <testcase classname="api.test.DataDrivenUserTests" name="testDeleteUserDataDriven" time="1.306"/>
</testsuite> <!-- Default test -->
