<?xml version="1.0" encoding="UTF-8"?>
<!-- Generated by org.testng.reporters.JUnitXMLReporter -->
<testsuite ignored="2" hostname="DESKTOP-HILNRCA" failures="1" tests="13" name="Test" time="17.936" errors="0" timestamp="2026-04-24T15:04:50 IST">
  <testcase classname="api.test.UserTestsWithUrlsFromPropertiesFile" name="testCreateUser" time="2.85"/>
  <testcase classname="api.test.UserTestsWithUrlsFromPropertiesFile" name="testGetUserByName" time="1.642"/>
  <testcase classname="api.test.UserTestsWithUrlsFromPropertiesFile" name="testUpdateUser" time="0.002">
    <failure type="java.util.MissingResourceException" message="Can&amp;apos;t find resource for bundle java.util.PropertyResourceBundle, key user_update_url">
      <![CDATA[java.util.MissingResourceException: Can't find resource for bundle java.util.PropertyResourceBundle, key user_update_url
at java.base/java.util.ResourceBundle.getObject(ResourceBundle.java:564)
at java.base/java.util.ResourceBundle.getString(ResourceBundle.java:521)
at api.endpoints.UserEndpointFromPropertiesFile.updateUser(UserEndpointFromPropertiesFile.java:50)
at api.test.UserTestsWithUrlsFromPropertiesFile.testUpdateUser(UserTestsWithUrlsFromPropertiesFile.java:110)
at java.base/java.util.ArrayList.forEach(ArrayList.java:1541)
... Removed 27 stack frames]]>
    </failure>
  </testcase> <!-- testUpdateUser -->
  <testcase classname="api.test.UserTestsWithUrlsFromPropertiesFile" name="testDeleteUserByName" time="1.215"/>
  <testcase classname="api.test.DataDrivenUserTestsWithPropertiesFile" name="testUserCreateDatadriven" time="1.203"/>
  <testcase classname="api.test.DataDrivenUserTestsWithPropertiesFile" name="testUserCreateDatadriven" time="1.206"/>
  <testcase classname="api.test.DataDrivenUserTestsWithPropertiesFile" name="testUserCreateDatadriven" time="1.228"/>
  <testcase classname="api.test.DataDrivenUserTestsWithPropertiesFile" name="testGetUserDataDriven" time="1.186"/>
  <testcase classname="api.test.DataDrivenUserTestsWithPropertiesFile" name="testGetUserDataDriven" time="1.183"/>
  <testcase classname="api.test.DataDrivenUserTestsWithPropertiesFile" name="testGetUserDataDriven" time="1.186"/>
  <testcase classname="api.test.DataDrivenUserTestsWithPropertiesFile" name="testDeleteUserDataDriven" time="1.195"/>
  <testcase classname="api.test.DataDrivenUserTestsWithPropertiesFile" name="testDeleteUserDataDriven" time="1.18"/>
  <testcase classname="api.test.DataDrivenUserTestsWithPropertiesFile" name="testDeleteUserDataDriven" time="1.185"/>
  <testcase classname="api.test.BaseTest" name="@AfterSuite endSuite" time="0.0">
    <ignored/>
  </testcase> <!-- @AfterSuite endSuite -->
  <testcase classname="api.test.BaseTest" name="@BeforeSuite initializeSuite" time="0.0">
    <ignored/>
  </testcase> <!-- @BeforeSuite initializeSuite -->
</testsuite> <!-- Test -->
