<?xml version="1.0" encoding="UTF-8"?>
<!-- Generated by org.testng.reporters.JUnitXMLReporter -->
<testsuite ignored="2" hostname="DESKTOP-HILNRCA" failures="0" tests="13" name="Test" time="22.167" errors="0" timestamp="2026-04-24T16:01:11 IST">
  <testcase classname="api.test.UserTestsWithUrlsFromPropertiesFile" name="testCreateUser" time="2.981"/>
  <testcase classname="api.test.UserTestsWithUrlsFromPropertiesFile" name="testGetUserByName" time="1.802"/>
  <testcase classname="api.test.UserTestsWithUrlsFromPropertiesFile" name="testUpdateUser" time="2.734"/>
  <testcase classname="api.test.UserTestsWithUrlsFromPropertiesFile" name="testDeleteUserByName" time="1.508"/>
  <testcase classname="api.test.DataDrivenUserTestsWithPropertiesFile" name="testUserCreateDatadriven" time="1.317"/>
  <testcase classname="api.test.DataDrivenUserTestsWithPropertiesFile" name="testUserCreateDatadriven" time="1.311"/>
  <testcase classname="api.test.DataDrivenUserTestsWithPropertiesFile" name="testUserCreateDatadriven" time="1.343"/>
  <testcase classname="api.test.DataDrivenUserTestsWithPropertiesFile" name="testGetUserDataDriven" time="1.28"/>
  <testcase classname="api.test.DataDrivenUserTestsWithPropertiesFile" name="testGetUserDataDriven" time="1.32"/>
  <testcase classname="api.test.DataDrivenUserTestsWithPropertiesFile" name="testGetUserDataDriven" time="1.316"/>
  <testcase classname="api.test.DataDrivenUserTestsWithPropertiesFile" name="testDeleteUserDataDriven" time="1.228"/>
  <testcase classname="api.test.DataDrivenUserTestsWithPropertiesFile" name="testDeleteUserDataDriven" time="1.232"/>
  <testcase classname="api.test.DataDrivenUserTestsWithPropertiesFile" name="testDeleteUserDataDriven" time="1.314"/>
  <testcase classname="api.test.BaseTest" name="@AfterSuite endSuite" time="0.0">
    <ignored/>
  </testcase> <!-- @AfterSuite endSuite -->
  <testcase classname="api.test.BaseTest" name="@BeforeSuite initializeSuite" time="0.0">
    <ignored/>
  </testcase> <!-- @BeforeSuite initializeSuite -->
</testsuite> <!-- Test -->
