<?xml version="1.0" encoding="UTF-8"?>
<testsuite xmlns:xsi="http://www.w3.org/2001/XMLSchema-instance" xsi:noNamespaceSchemaLocation="https://maven.apache.org/surefire/maven-surefire-plugin/xsd/surefire-test-report.xsd" version="3.0.2" name="TestSuite" time="23.813" tests="13" errors="0" skipped="0" failures="0" flakes="0">
  <properties>
[...]
</properties>
  <testcase name="testCreateUser" classname="api.test.UserTestsWithUrlsFromPropertiesFile" time="2.981">
    <system-out><![CDATA[Before Suite running
User Payload in CreateUser is:User [usename =Dina Haag, firstName=Tonda, lastName=Flatley, email =emelina.witting@example.com ,phone= 194-253-7585, id= 1437129801  ]
HTTP/1.1 200 OK
Date: Fri, 24 Apr 2026 10:30:47 GMT
Content-Type: application/json
Transfer-Encoding: chunked
Connection: keep-alive
Access-Control-Allow-Origin: *
Access-Control-Allow-Methods: GET, POST, DELETE, PUT
Access-Control-Allow-Headers: Content-Type, api_key, Authorization
Server: Jetty(9.2.9.v20150224)

{
    "code": 200,
    "type": "unknown",
    "message": "1437129801"
}
]]></system-out>
    <system-err><![CDATA[SLF4J(W): No SLF4J providers were found.
SLF4J(W): Defaulting to no-operation (NOP) logger implementation
SLF4J(W): See https://www.slf4j.org/codes.html#noProviders for further details.
2026-04-24T10:30:48.667202Z main ERROR File contains an invalid element or attribute "JsonTemplateLayout"
]]></system-err>
  </testcase>
  <testcase name="testGetUserByName" classname="api.test.UserTestsWithUrlsFromPropertiesFile" time="1.802">
    <system-out><![CDATA[HTTP/1.1 200 OK
Date: Fri, 24 Apr 2026 10:30:48 GMT
Content-Type: application/json
Transfer-Encoding: chunked
Connection: keep-alive
Access-Control-Allow-Origin: *
Access-Control-Allow-Methods: GET, POST, DELETE, PUT
Access-Control-Allow-Headers: Content-Type, api_key, Authorization
Server: Jetty(9.2.9.v20150224)

{
    "id": 1437129801,
    "username": "Dina Haag",
    "firstName": "Tonda",
    "lastName": "Flatley",
    "email": "emelina.witting@example.com",
    "password": "b3h2r5",
    "phone": "194-253-7585",
    "userStatus": 0
}
]]></system-out>
  </testcase>
  <testcase name="testUpdateUser" classname="api.test.UserTestsWithUrlsFromPropertiesFile" time="2.734">
    <system-out><![CDATA[User Payload in UpdateUser is:User [usename =Dina Haag, firstName=Ginger, lastName=Mayer, email =ashley.welch@example.com ,phone= 194-253-7585, id= 1437129801  ]
HTTP/1.1 200 OK
Date: Fri, 24 Apr 2026 10:30:50 GMT
Content-Type: application/json
Transfer-Encoding: chunked
Connection: keep-alive
Access-Control-Allow-Origin: *
Access-Control-Allow-Methods: GET, POST, DELETE, PUT
Access-Control-Allow-Headers: Content-Type, api_key, Authorization
Server: Jetty(9.2.9.v20150224)

{
    "code": 200,
    "type": "unknown",
    "message": "1437129801"
}
Validate User after update using readUser:
HTTP/1.1 200 OK
Date: Fri, 24 Apr 2026 10:30:51 GMT
Content-Type: application/json
Transfer-Encoding: chunked
Connection: keep-alive
Access-Control-Allow-Origin: *
Access-Control-Allow-Methods: GET, POST, DELETE, PUT
Access-Control-Allow-Headers: Content-Type, api_key, Authorization
Server: Jetty(9.2.9.v20150224)

{
    "id": 1437129801,
    "username": "Dina Haag",
    "firstName": "Ginger",
    "lastName": "Mayer",
    "email": "ashley.welch@example.com",
    "password": "b3h2r5",
    "phone": "194-253-7585",
    "userStatus": 0
}
]]></system-out>
  </testcase>
  <testcase name="testDeleteUserByName" classname="api.test.UserTestsWithUrlsFromPropertiesFile" time="1.511">
    <system-out><![CDATA[HTTP/1.1 200 OK
Date: Fri, 24 Apr 2026 10:30:53 GMT
Content-Type: application/json
Transfer-Encoding: chunked
Connection: keep-alive
Access-Control-Allow-Origin: *
Access-Control-Allow-Methods: GET, POST, DELETE, PUT
Access-Control-Allow-Headers: Content-Type, api_key, Authorization
Server: Jetty(9.2.9.v20150224)

{
    "code": 200,
    "type": "unknown",
    "message": "Dina Haag"
}
]]></system-out>
  </testcase>
  <testcase name="testUserCreateDatadriven[1, Shrithi Bhav, Shruthi, Bhav, shrithi.bhav@gmail.com, test@1, 2345678923](1)" classname="api.test.DataDrivenUserTestsWithPropertiesFile" time="1.315">
    <system-out><![CDATA[Cell value is:1
Cell value is:Shrithi Bhav
Cell value is:Shruthi
Cell value is:Bhav
Cell value is:shrithi.bhav@gmail.com
Cell value is:test@1
Cell value is:2345678923
Cell value is:2
Cell value is:Yamini Gila
Cell value is:Yamini
Cell value is:Gila
Cell value is:yamini.gila@gmail.com
Cell value is:test@2
Cell value is:2356789765
Cell value is:3
Cell value is:Gowtami Renuka
Cell value is:Gowtami
Cell value is:Renuka
Cell value is:gowtami.renuka@gmail.com
Cell value is:test@3
Cell value is:2312345678
In testUserCreateDatadriven
userId is1
User Payload in CreateUser is:User [usename =Shrithi Bhav, firstName=Shruthi, lastName=Bhav, email =shrithi.bhav@gmail.com ,phone= 2345678923, id= 1  ]
HTTP/1.1 200 OK
Date: Fri, 24 Apr 2026 10:30:55 GMT
Content-Type: application/json
Transfer-Encoding: chunked
Connection: keep-alive
Access-Control-Allow-Origin: *
Access-Control-Allow-Methods: GET, POST, DELETE, PUT
Access-Control-Allow-Headers: Content-Type, api_key, Authorization
Server: Jetty(9.2.9.v20150224)

{
    "code": 200,
    "type": "unknown",
    "message": "1"
}
]]></system-out>
  </testcase>
  <testcase name="testUserCreateDatadriven[2, Yamini Gila, Yamini, Gila, yamini.gila@gmail.com, test@2, 2356789765](2)" classname="api.test.DataDrivenUserTestsWithPropertiesFile" time="1.313">
    <system-out><![CDATA[In testUserCreateDatadriven
userId is2
User Payload in CreateUser is:User [usename =Yamini Gila, firstName=Yamini, lastName=Gila, email =yamini.gila@gmail.com ,phone= 2356789765, id= 2  ]
HTTP/1.1 200 OK
Date: Fri, 24 Apr 2026 10:30:57 GMT
Content-Type: application/json
Transfer-Encoding: chunked
Connection: keep-alive
Access-Control-Allow-Origin: *
Access-Control-Allow-Methods: GET, POST, DELETE, PUT
Access-Control-Allow-Headers: Content-Type, api_key, Authorization
Server: Jetty(9.2.9.v20150224)

{
    "code": 200,
    "type": "unknown",
    "message": "2"
}
]]></system-out>
  </testcase>
  <testcase name="testUserCreateDatadriven[3, Gowtami Renuka, Gowtami, Renuka, gowtami.renuka@gmail.com, test@3, 2312345678](3)" classname="api.test.DataDrivenUserTestsWithPropertiesFile" time="1.344">
    <system-out><![CDATA[In testUserCreateDatadriven
userId is3
User Payload in CreateUser is:User [usename =Gowtami Renuka, firstName=Gowtami, lastName=Renuka, email =gowtami.renuka@gmail.com ,phone= 2312345678, id= 3  ]
HTTP/1.1 200 OK
Date: Fri, 24 Apr 2026 10:30:58 GMT
Content-Type: application/json
Transfer-Encoding: chunked
Connection: keep-alive
Access-Control-Allow-Origin: *
Access-Control-Allow-Methods: GET, POST, DELETE, PUT
Access-Control-Allow-Headers: Content-Type, api_key, Authorization
Server: Jetty(9.2.9.v20150224)

{
    "code": 200,
    "type": "unknown",
    "message": "3"
}
]]></system-out>
  </testcase>
  <testcase name="testGetUserDataDriven[Shrithi Bhav](1)" classname="api.test.DataDrivenUserTestsWithPropertiesFile" time="1.279">
    <system-out><![CDATA[Username is:Shrithi Bhav
Username is:Yamini Gila
Username is:Gowtami Renuka
HTTP/1.1 200 OK
Date: Fri, 24 Apr 2026 10:30:59 GMT
Content-Type: application/json
Transfer-Encoding: chunked
Connection: keep-alive
Access-Control-Allow-Origin: *
Access-Control-Allow-Methods: GET, POST, DELETE, PUT
Access-Control-Allow-Headers: Content-Type, api_key, Authorization
Server: Jetty(9.2.9.v20150224)

{
    "id": 1,
    "username": "Shrithi Bhav",
    "firstName": "Shruthi",
    "lastName": "Bhav",
    "email": "shrithi.bhav@gmail.com",
    "password": "test@1",
    "phone": "2345678923",
    "userStatus": 0
}
]]></system-out>
  </testcase>
  <testcase name="testGetUserDataDriven[Yamini Gila](2)" classname="api.test.DataDrivenUserTestsWithPropertiesFile" time="1.319">
    <system-out><![CDATA[HTTP/1.1 200 OK
Date: Fri, 24 Apr 2026 10:31:01 GMT
Content-Type: application/json
Transfer-Encoding: chunked
Connection: keep-alive
Access-Control-Allow-Origin: *
Access-Control-Allow-Methods: GET, POST, DELETE, PUT
Access-Control-Allow-Headers: Content-Type, api_key, Authorization
Server: Jetty(9.2.9.v20150224)

{
    "id": 2,
    "username": "Yamini Gila",
    "firstName": "Yamini",
    "lastName": "Gila",
    "email": "yamini.gila@gmail.com",
    "password": "test@2",
    "phone": "2356789765",
    "userStatus": 0
}
]]></system-out>
  </testcase>
  <testcase name="testGetUserDataDriven[Gowtami Renuka](3)" classname="api.test.DataDrivenUserTestsWithPropertiesFile" time="1.319">
    <system-out><![CDATA[HTTP/1.1 200 OK
Date: Fri, 24 Apr 2026 10:31:02 GMT
Content-Type: application/json
Transfer-Encoding: chunked
Connection: keep-alive
Access-Control-Allow-Origin: *
Access-Control-Allow-Methods: GET, POST, DELETE, PUT
Access-Control-Allow-Headers: Content-Type, api_key, Authorization
Server: Jetty(9.2.9.v20150224)

{
    "id": 3,
    "username": "Gowtami Renuka",
    "firstName": "Gowtami",
    "lastName": "Renuka",
    "email": "gowtami.renuka@gmail.com",
    "password": "test@3",
    "phone": "2312345678",
    "userStatus": 0
}
]]></system-out>
  </testcase>
  <testcase name="testDeleteUserDataDriven[Shrithi Bhav](1)" classname="api.test.DataDrivenUserTestsWithPropertiesFile" time="1.226">
    <system-out><![CDATA[Username is:Shrithi Bhav
Username is:Yamini Gila
Username is:Gowtami Renuka
HTTP/1.1 200 OK
Date: Fri, 24 Apr 2026 10:31:03 GMT
Content-Type: application/json
Transfer-Encoding: chunked
Connection: keep-alive
Access-Control-Allow-Origin: *
Access-Control-Allow-Methods: GET, POST, DELETE, PUT
Access-Control-Allow-Headers: Content-Type, api_key, Authorization
Server: Jetty(9.2.9.v20150224)

{
    "id": 1,
    "username": "Shrithi Bhav",
    "firstName": "Shruthi",
    "lastName": "Bhav",
    "email": "shrithi.bhav@gmail.com",
    "password": "test@1",
    "phone": "2345678923",
    "userStatus": 0
}
]]></system-out>
  </testcase>
  <testcase name="testDeleteUserDataDriven[Yamini Gila](2)" classname="api.test.DataDrivenUserTestsWithPropertiesFile" time="1.234">
    <system-out><![CDATA[HTTP/1.1 200 OK
Date: Fri, 24 Apr 2026 10:31:05 GMT
Content-Type: application/json
Transfer-Encoding: chunked
Connection: keep-alive
Access-Control-Allow-Origin: *
Access-Control-Allow-Methods: GET, POST, DELETE, PUT
Access-Control-Allow-Headers: Content-Type, api_key, Authorization
Server: Jetty(9.2.9.v20150224)

{
    "id": 2,
    "username": "Yamini Gila",
    "firstName": "Yamini",
    "lastName": "Gila",
    "email": "yamini.gila@gmail.com",
    "password": "test@2",
    "phone": "2356789765",
    "userStatus": 0
}
]]></system-out>
  </testcase>
  <testcase name="testDeleteUserDataDriven[Gowtami Renuka](3)" classname="api.test.DataDrivenUserTestsWithPropertiesFile" time="1.314">
    <system-out><![CDATA[HTTP/1.1 200 OK
Date: Fri, 24 Apr 2026 10:31:06 GMT
Content-Type: application/json
Transfer-Encoding: chunked
Connection: keep-alive
Access-Control-Allow-Origin: *
Access-Control-Allow-Methods: GET, POST, DELETE, PUT
Access-Control-Allow-Headers: Content-Type, api_key, Authorization
Server: Jetty(9.2.9.v20150224)

{
    "id": 3,
    "username": "Gowtami Renuka",
    "firstName": "Gowtami",
    "lastName": "Renuka",
    "email": "gowtami.renuka@gmail.com",
    "password": "test@3",
    "phone": "2312345678",
    "userStatus": 0
}
]]></system-out>
  </testcase>
</testsuite>