<?xml version="1.0" encoding="UTF-8"?>
<testng-results ignored="0" total="13" passed="12" failed="1" skipped="0">
  <reporter-output>
  </reporter-output>
  <suite started-at="2026-04-24T15:04:32 IST" name="Suite" finished-at="2026-04-24T15:04:50 IST" duration-ms="17936">
    <groups>
      <group name="datadriven">
        <method signature="DataDrivenUserTestsWithPropertiesFile.testUserCreateDatadriven(java.lang.String,java.lang.String,java.lang.String,java.lang.String,java.lang.String,java.lang.String,java.lang.String)[pri:1, instance:api.test.DataDrivenUserTestsWithPropertiesFile@2453f95d]" name="testUserCreateDatadriven" class="api.test.DataDrivenUserTestsWithPropertiesFile"/>
      </group> <!-- datadriven -->
      <group name="functional">
        <method signature="UserTestsWithUrlsFromPropertiesFile.testCreateUser()[pri:1, instance:api.test.UserTestsWithUrlsFromPropertiesFile@3829ac1]" name="testCreateUser" class="api.test.UserTestsWithUrlsFromPropertiesFile"/>
        <method signature="UserTestsWithUrlsFromPropertiesFile.testGetUserByName()[pri:2, instance:api.test.UserTestsWithUrlsFromPropertiesFile@3829ac1]" name="testGetUserByName" class="api.test.UserTestsWithUrlsFromPropertiesFile"/>
        <method signature="UserTestsWithUrlsFromPropertiesFile.testUpdateUser()[pri:3, instance:api.test.UserTestsWithUrlsFromPropertiesFile@3829ac1]" name="testUpdateUser" class="api.test.UserTestsWithUrlsFromPropertiesFile"/>
        <method signature="UserTestsWithUrlsFromPropertiesFile.testDeleteUserByName()[pri:4, instance:api.test.UserTestsWithUrlsFromPropertiesFile@3829ac1]" name="testDeleteUserByName" class="api.test.UserTestsWithUrlsFromPropertiesFile"/>
      </group> <!-- functional -->
    </groups>
    <test started-at="2026-04-24T15:04:32 IST" name="Test" finished-at="2026-04-24T15:04:50 IST" duration-ms="17936">
      <class name="api.test.UserTestsWithUrlsFromPropertiesFile">
        <test-method is-config="true" signature="initializeSuite()[pri:0, instance:api.test.UserTestsWithUrlsFromPropertiesFile@3829ac1]" started-at="2026-04-24T15:04:32 IST" name="initializeSuite" finished-at="2026-04-24T15:04:32 IST" duration-ms="204" status="PASS">
          <reporter-output>
          </reporter-output>
        </test-method> <!-- initializeSuite -->
        <test-method is-config="true" signature="setupData()[pri:0, instance:api.test.UserTestsWithUrlsFromPropertiesFile@3829ac1]" started-at="2026-04-24T15:04:32 IST" name="setupData" finished-at="2026-04-24T15:04:33 IST" duration-ms="171" status="PASS">
          <reporter-output>
          </reporter-output>
        </test-method> <!-- setupData -->
        <test-method signature="testCreateUser()[pri:1, instance:api.test.UserTestsWithUrlsFromPropertiesFile@3829ac1]" started-at="2026-04-24T15:04:33 IST" name="testCreateUser" finished-at="2026-04-24T15:04:35 IST" duration-ms="2850" status="PASS">
          <reporter-output>
          </reporter-output>
        </test-method> <!-- testCreateUser -->
        <test-method signature="testGetUserByName()[pri:2, instance:api.test.UserTestsWithUrlsFromPropertiesFile@3829ac1]" started-at="2026-04-24T15:04:35 IST" name="testGetUserByName" finished-at="2026-04-24T15:04:37 IST" duration-ms="1642" status="PASS">
          <reporter-output>
          </reporter-output>
        </test-method> <!-- testGetUserByName -->
        <test-method signature="testUpdateUser()[pri:3, instance:api.test.UserTestsWithUrlsFromPropertiesFile@3829ac1]" started-at="2026-04-24T15:04:37 IST" name="testUpdateUser" finished-at="2026-04-24T15:04:37 IST" duration-ms="2" status="FAIL">
          <exception class="java.util.MissingResourceException">
            <message>
              <![CDATA[Can't find resource for bundle java.util.PropertyResourceBundle, key user_update_url]]>
            </message>
            <full-stacktrace>
              <![CDATA[java.util.MissingResourceException: Can't find resource for bundle java.util.PropertyResourceBundle, key user_update_url
at java.base/java.util.ResourceBundle.getObject(ResourceBundle.java:564)
at java.base/java.util.ResourceBundle.getString(ResourceBundle.java:521)
at api.endpoints.UserEndpointFromPropertiesFile.updateUser(UserEndpointFromPropertiesFile.java:50)
at api.test.UserTestsWithUrlsFromPropertiesFile.testUpdateUser(UserTestsWithUrlsFromPropertiesFile.java:110)
at java.base/jdk.internal.reflect.NativeMethodAccessorImpl.invoke0(Native Method)
at java.base/jdk.internal.reflect.NativeMethodAccessorImpl.invoke(NativeMethodAccessorImpl.java:62)
at java.base/jdk.internal.reflect.DelegatingMethodAccessorImpl.invoke(DelegatingMethodAccessorImpl.java:43)
at java.base/java.lang.reflect.Method.invoke(Method.java:566)
at org.testng.internal.invokers.MethodInvocationHelper.invokeMethod(MethodInvocationHelper.java:141)
at org.testng.internal.invokers.TestInvoker.invokeMethod(TestInvoker.java:697)
at org.testng.internal.invokers.TestInvoker.invokeTestMethod(TestInvoker.java:230)
at org.testng.internal.invokers.MethodRunner.runInSequence(MethodRunner.java:63)
at org.testng.internal.invokers.TestInvoker$MethodInvocationAgent.invoke(TestInvoker.java:1005)
at org.testng.internal.invokers.TestInvoker.invokeTestMethods(TestInvoker.java:203)
at org.testng.internal.invokers.TestMethodWorker.invokeTestMethods(TestMethodWorker.java:154)
at org.testng.internal.invokers.TestMethodWorker.run(TestMethodWorker.java:134)
at java.base/java.util.ArrayList.forEach(ArrayList.java:1541)
at org.testng.TestRunner.privateRun(TestRunner.java:744)
at org.testng.TestRunner.run(TestRunner.java:616)
at org.testng.SuiteRunner.runTest(SuiteRunner.java:421)
at org.testng.SuiteRunner.runSequentially(SuiteRunner.java:413)
at org.testng.SuiteRunner.privateRun(SuiteRunner.java:373)
at org.testng.SuiteRunner.run(SuiteRunner.java:312)
at org.testng.SuiteRunnerWorker.runSuite(SuiteRunnerWorker.java:52)
at org.testng.SuiteRunnerWorker.run(SuiteRunnerWorker.java:95)
at org.testng.TestNG.runSuitesSequentially(TestNG.java:1274)
at org.testng.TestNG.runSuitesLocally(TestNG.java:1208)
at org.testng.TestNG.runSuites(TestNG.java:1112)
at org.testng.TestNG.run(TestNG.java:1079)
at org.testng.remote.AbstractRemoteTestNG.run(AbstractRemoteTestNG.java:115)
at org.testng.remote.RemoteTestNG.initAndRun(RemoteTestNG.java:293)
at org.testng.remote.RemoteTestNG.main(RemoteTestNG.java:91)
]]>
            </full-stacktrace>
          </exception> <!-- java.util.MissingResourceException -->
          <reporter-output>
          </reporter-output>
        </test-method> <!-- testUpdateUser -->
        <test-method signature="testDeleteUserByName()[pri:4, instance:api.test.UserTestsWithUrlsFromPropertiesFile@3829ac1]" started-at="2026-04-24T15:04:37 IST" name="testDeleteUserByName" finished-at="2026-04-24T15:04:38 IST" duration-ms="1215" status="PASS">
          <reporter-output>
          </reporter-output>
        </test-method> <!-- testDeleteUserByName -->
        <test-method is-config="true" signature="endSuite()[pri:0, instance:api.test.UserTestsWithUrlsFromPropertiesFile@3829ac1]" started-at="2026-04-24T15:04:50 IST" name="endSuite" finished-at="2026-04-24T15:04:51 IST" duration-ms="242" status="PASS">
          <reporter-output>
          </reporter-output>
        </test-method> <!-- endSuite -->
      </class> <!-- api.test.UserTestsWithUrlsFromPropertiesFile -->
      <class name="api.test.DataDrivenUserTestsWithPropertiesFile">
        <test-method signature="testUserCreateDatadriven(java.lang.String,java.lang.String,java.lang.String,java.lang.String,java.lang.String,java.lang.String,java.lang.String)[pri:1, instance:api.test.DataDrivenUserTestsWithPropertiesFile@2453f95d]" started-at="2026-04-24T15:04:39 IST" name="testUserCreateDatadriven" data-provider="Data" finished-at="2026-04-24T15:04:41 IST" duration-ms="1203" status="PASS">
          <params>
            <param index="0">
              <value>
                <![CDATA[1]]>
              </value>
            </param>
            <param index="1">
              <value>
                <![CDATA[Shrithi Bhav]]>
              </value>
            </param>
            <param index="2">
              <value>
                <![CDATA[Shruthi]]>
              </value>
            </param>
            <param index="3">
              <value>
                <![CDATA[Bhav]]>
              </value>
            </param>
            <param index="4">
              <value>
                <![CDATA[shrithi.bhav@gmail.com]]>
              </value>
            </param>
            <param index="5">
              <value>
                <![CDATA[test@1]]>
              </value>
            </param>
            <param index="6">
              <value>
                <![CDATA[2345678923]]>
              </value>
            </param>
          </params>
          <reporter-output>
          </reporter-output>
        </test-method> <!-- testUserCreateDatadriven -->
        <test-method signature="testUserCreateDatadriven(java.lang.String,java.lang.String,java.lang.String,java.lang.String,java.lang.String,java.lang.String,java.lang.String)[pri:1, instance:api.test.DataDrivenUserTestsWithPropertiesFile@2453f95d]" started-at="2026-04-24T15:04:41 IST" name="testUserCreateDatadriven" data-provider="Data" finished-at="2026-04-24T15:04:42 IST" duration-ms="1206" status="PASS">
          <params>
            <param index="0">
              <value>
                <![CDATA[2]]>
              </value>
            </param>
            <param index="1">
              <value>
                <![CDATA[Yamini Gila]]>
              </value>
            </param>
            <param index="2">
              <value>
                <![CDATA[Yamini]]>
              </value>
            </param>
            <param index="3">
              <value>
                <![CDATA[Gila]]>
              </value>
            </param>
            <param index="4">
              <value>
                <![CDATA[yamini.gila@gmail.com]]>
              </value>
            </param>
            <param index="5">
              <value>
                <![CDATA[test@2]]>
              </value>
            </param>
            <param index="6">
              <value>
                <![CDATA[2356789765]]>
              </value>
            </param>
          </params>
          <reporter-output>
          </reporter-output>
        </test-method> <!-- testUserCreateDatadriven -->
        <test-method signature="testUserCreateDatadriven(java.lang.String,java.lang.String,java.lang.String,java.lang.String,java.lang.String,java.lang.String,java.lang.String)[pri:1, instance:api.test.DataDrivenUserTestsWithPropertiesFile@2453f95d]" started-at="2026-04-24T15:04:42 IST" name="testUserCreateDatadriven" data-provider="Data" finished-at="2026-04-24T15:04:43 IST" duration-ms="1228" status="PASS">
          <params>
            <param index="0">
              <value>
                <![CDATA[3]]>
              </value>
            </param>
            <param index="1">
              <value>
                <![CDATA[Gowtami Renuka]]>
              </value>
            </param>
            <param index="2">
              <value>
                <![CDATA[Gowtami]]>
              </value>
            </param>
            <param index="3">
              <value>
                <![CDATA[Renuka]]>
              </value>
            </param>
            <param index="4">
              <value>
                <![CDATA[gowtami.renuka@gmail.com]]>
              </value>
            </param>
            <param index="5">
              <value>
                <![CDATA[test@3]]>
              </value>
            </param>
            <param index="6">
              <value>
                <![CDATA[2312345678]]>
              </value>
            </param>
          </params>
          <reporter-output>
          </reporter-output>
        </test-method> <!-- testUserCreateDatadriven -->
        <test-method signature="testGetUserDataDriven(java.lang.String)[pri:2, instance:api.test.DataDrivenUserTestsWithPropertiesFile@2453f95d]" started-at="2026-04-24T15:04:43 IST" name="testGetUserDataDriven" data-provider="Usernames" finished-at="2026-04-24T15:04:44 IST" duration-ms="1186" status="PASS">
          <params>
            <param index="0">
              <value>
                <![CDATA[Shrithi Bhav]]>
              </value>
            </param>
          </params>
          <reporter-output>
          </reporter-output>
        </test-method> <!-- testGetUserDataDriven -->
        <test-method signature="testGetUserDataDriven(java.lang.String)[pri:2, instance:api.test.DataDrivenUserTestsWithPropertiesFile@2453f95d]" started-at="2026-04-24T15:04:44 IST" name="testGetUserDataDriven" data-provider="Usernames" finished-at="2026-04-24T15:04:45 IST" duration-ms="1183" status="PASS">
          <params>
            <param index="0">
              <value>
                <![CDATA[Yamini Gila]]>
              </value>
            </param>
          </params>
          <reporter-output>
          </reporter-output>
        </test-method> <!-- testGetUserDataDriven -->
        <test-method signature="testGetUserDataDriven(java.lang.String)[pri:2, instance:api.test.DataDrivenUserTestsWithPropertiesFile@2453f95d]" started-at="2026-04-24T15:04:45 IST" name="testGetUserDataDriven" data-provider="Usernames" finished-at="2026-04-24T15:04:47 IST" duration-ms="1186" status="PASS">
          <params>
            <param index="0">
              <value>
                <![CDATA[Gowtami Renuka]]>
              </value>
            </param>
          </params>
          <reporter-output>
          </reporter-output>
        </test-method> <!-- testGetUserDataDriven -->
        <test-method signature="testDeleteUserDataDriven(java.lang.String)[pri:3, instance:api.test.DataDrivenUserTestsWithPropertiesFile@2453f95d]" started-at="2026-04-24T15:04:47 IST" name="testDeleteUserDataDriven" data-provider="Usernames" finished-at="2026-04-24T15:04:48 IST" duration-ms="1195" status="PASS">
          <params>
            <param index="0">
              <value>
                <![CDATA[Shrithi Bhav]]>
              </value>
            </param>
          </params>
          <reporter-output>
          </reporter-output>
        </test-method> <!-- testDeleteUserDataDriven -->
        <test-method signature="testDeleteUserDataDriven(java.lang.String)[pri:3, instance:api.test.DataDrivenUserTestsWithPropertiesFile@2453f95d]" started-at="2026-04-24T15:04:48 IST" name="testDeleteUserDataDriven" data-provider="Usernames" finished-at="2026-04-24T15:04:49 IST" duration-ms="1180" status="PASS">
          <params>
            <param index="0">
              <value>
                <![CDATA[Yamini Gila]]>
              </value>
            </param>
          </params>
          <reporter-output>
          </reporter-output>
        </test-method> <!-- testDeleteUserDataDriven -->
        <test-method signature="testDeleteUserDataDriven(java.lang.String)[pri:3, instance:api.test.DataDrivenUserTestsWithPropertiesFile@2453f95d]" started-at="2026-04-24T15:04:49 IST" name="testDeleteUserDataDriven" data-provider="Usernames" finished-at="2026-04-24T15:04:50 IST" duration-ms="1185" status="PASS">
          <params>
            <param index="0">
              <value>
                <![CDATA[Gowtami Renuka]]>
              </value>
            </param>
          </params>
          <reporter-output>
          </reporter-output>
        </test-method> <!-- testDeleteUserDataDriven -->
      </class> <!-- api.test.DataDrivenUserTestsWithPropertiesFile -->
    </test> <!-- Test -->
  </suite> <!-- Suite -->
</testng-results>
