<?xml version="1.0" encoding="UTF-8"?>
<!-- Generated by org.testng.reporters.JUnitReportReporter -->
<testsuite hostname="DESKTOP-HILNRCA" failures="0" tests="4" name="api.test.UserTestsWithUrlsFromPropertiesFile" time="5.709" errors="1" timestamp="2026-04-24T15:04:51 IST" skipped="0">
  <testcase classname="api.test.UserTestsWithUrlsFromPropertiesFile" name="testCreateUser" time="2.850"/>
  <testcase classname="api.test.UserTestsWithUrlsFromPropertiesFile" name="testGetUserByName" time="1.642"/>
  <testcase classname="api.test.UserTestsWithUrlsFromPropertiesFile" name="testUpdateUser" time="0.002">
    <error message="Can&#039;t find resource for bundle java.util.PropertyResourceBundle, key user_update_url" type="java.util.MissingResourceException">
      <![CDATA[java.util.MissingResourceException: Can't find resource for bundle java.util.PropertyResourceBundle, key user_update_url
at java.base/java.util.ResourceBundle.getObject(ResourceBundle.java:564)
at java.base/java.util.ResourceBundle.getString(ResourceBundle.java:521)
at api.endpoints.UserEndpointFromPropertiesFile.updateUser(UserEndpointFromPropertiesFile.java:50)
at api.test.UserTestsWithUrlsFromPropertiesFile.testUpdateUser(UserTestsWithUrlsFromPropertiesFile.java:110)
at java.base/jdk.internal.reflect.NativeMethodAccessorImpl.invoke0(Native Method)
at java.base/jdk.internal.reflect.NativeMethodAccessorImpl.invoke(NativeMethodAccessorImpl.java:62)
at java.base/jdk.internal.reflect.DelegatingMethodAccessorImpl.invoke(DelegatingMethodAccessorImpl.java:43)
at java.base/java.lang.reflect.Method.invoke(Method.java:566)
at org.testng.internal.invokers.MethodInvocationHelper.invokeMethod(MethodInvocationHelper.java:141)
at org.testng.internal.invokers.TestInvoker.invokeMethod(TestInvoker.java:697)
at org.testng.internal.invokers.TestInvoker.invokeTestMethod(TestInvoker.java:230)
at org.testng.internal.invokers.MethodRunner.runInSequence(MethodRunner.java:63)
at org.testng.internal.invokers.TestInvoker$MethodInvocationAgent.invoke(TestInvoker.java:1005)
at org.testng.internal.invokers.TestInvoker.invokeTestMethods(TestInvoker.java:203)
at org.testng.internal.invokers.TestMethodWorker.invokeTestMethods(TestMethodWorker.java:154)
at org.testng.internal.invokers.TestMethodWorker.run(TestMethodWorker.java:134)
at java.base/java.util.ArrayList.forEach(ArrayList.java:1541)
at org.testng.TestRunner.privateRun(TestRunner.java:744)
at org.testng.TestRunner.run(TestRunner.java:616)
at org.testng.SuiteRunner.runTest(SuiteRunner.java:421)
at org.testng.SuiteRunner.runSequentially(SuiteRunner.java:413)
at org.testng.SuiteRunner.privateRun(SuiteRunner.java:373)
at org.testng.SuiteRunner.run(SuiteRunner.java:312)
at org.testng.SuiteRunnerWorker.runSuite(SuiteRunnerWorker.java:52)
at org.testng.SuiteRunnerWorker.run(SuiteRunnerWorker.java:95)
at org.testng.TestNG.runSuitesSequentially(TestNG.java:1274)
at org.testng.TestNG.runSuitesLocally(TestNG.java:1208)
at org.testng.TestNG.runSuites(TestNG.java:1112)
at org.testng.TestNG.run(TestNG.java:1079)
at org.testng.remote.AbstractRemoteTestNG.run(AbstractRemoteTestNG.java:115)
at org.testng.remote.RemoteTestNG.initAndRun(RemoteTestNG.java:293)
at org.testng.remote.RemoteTestNG.main(RemoteTestNG.java:91)
]]>
    </error>
  </testcase> <!-- testUpdateUser -->
  <testcase classname="api.test.UserTestsWithUrlsFromPropertiesFile" name="testDeleteUserByName" time="1.215"/>
</testsuite> <!-- api.test.UserTestsWithUrlsFromPropertiesFile -->
