<?xml version="1.0" encoding="UTF-8"?>
<!-- Generated by org.testng.reporters.JUnitReportReporter -->
<testsuite hostname="DESKTOP-HILNRCA" failures="0" tests="9" name="api.test.DataDrivenUserTestsWithPropertiesFile" time="10.752" errors="0" timestamp="2026-04-24T15:04:51 IST" skipped="0">
  <testcase classname="api.test.DataDrivenUserTestsWithPropertiesFile" name="testUserCreateDatadriven" time="1.203"/>
  <testcase classname="api.test.DataDrivenUserTestsWithPropertiesFile" name="testUserCreateDatadriven" time="1.228"/>
  <testcase classname="api.test.DataDrivenUserTestsWithPropertiesFile" name="testUserCreateDatadriven" time="1.206"/>
  <testcase classname="api.test.DataDrivenUserTestsWithPropertiesFile" name="testGetUserDataDriven" time="1.183"/>
  <testcase classname="api.test.DataDrivenUserTestsWithPropertiesFile" name="testGetUserDataDriven" time="1.186"/>
  <testcase classname="api.test.DataDrivenUserTestsWithPropertiesFile" name="testGetUserDataDriven" time="1.186"/>
  <testcase classname="api.test.DataDrivenUserTestsWithPropertiesFile" name="testDeleteUserDataDriven" time="1.195"/>
  <testcase classname="api.test.DataDrivenUserTestsWithPropertiesFile" name="testDeleteUserDataDriven" time="1.185"/>
  <testcase classname="api.test.DataDrivenUserTestsWithPropertiesFile" name="testDeleteUserDataDriven" time="1.180"/>
</testsuite> <!-- api.test.DataDrivenUserTestsWithPropertiesFile -->
