<?xml version="1.0" encoding="UTF-8"?>
<!-- Generated by org.testng.reporters.JUnitReportReporter -->
<testsuite hostname="DESKTOP-HILNRCA" failures="0" tests="9" name="api.test.DataDrivenUserTests" time="11.204" errors="0" timestamp="2026-04-23T00:56:31 IST" skipped="0">
  <testcase classname="api.test.DataDrivenUserTests" name="testUserCreateDatadriven" time="1.264"/>
  <testcase classname="api.test.DataDrivenUserTests" name="testUserCreateDatadriven" time="1.264"/>
  <testcase classname="api.test.DataDrivenUserTests" name="testUserCreateDatadriven" time="1.250"/>
  <testcase classname="api.test.DataDrivenUserTests" name="testGetUserDataDriven" time="1.163"/>
  <testcase classname="api.test.DataDrivenUserTests" name="testGetUserDataDriven" time="1.249"/>
  <testcase classname="api.test.DataDrivenUserTests" name="testGetUserDataDriven" time="1.229"/>
  <testcase classname="api.test.DataDrivenUserTests" name="testDeleteUserDataDriven" time="1.351"/>
  <testcase classname="api.test.DataDrivenUserTests" name="testDeleteUserDataDriven" time="1.253"/>
  <testcase classname="api.test.DataDrivenUserTests" name="testDeleteUserDataDriven" time="1.181"/>
</testsuite> <!-- api.test.DataDrivenUserTests -->
