<?xml version="1.0" encoding="UTF-8"?>
<!-- Generated by org.testng.reporters.JUnitReportReporter -->
<testsuite hostname="DESKTOP-HILNRCA" failures="0" tests="9" name="api.test.DataDrivenUserTests" time="12.869" errors="0" timestamp="2026-04-24T15:24:39 IST" skipped="0">
  <testcase classname="api.test.DataDrivenUserTests" name="testUserCreateDatadriven" time="3.057"/>
  <testcase classname="api.test.DataDrivenUserTests" name="testUserCreateDatadriven" time="1.230"/>
  <testcase classname="api.test.DataDrivenUserTests" name="testUserCreateDatadriven" time="1.269"/>
  <testcase classname="api.test.DataDrivenUserTests" name="testGetUserDataDriven" time="1.219"/>
  <testcase classname="api.test.DataDrivenUserTests" name="testGetUserDataDriven" time="1.242"/>
  <testcase classname="api.test.DataDrivenUserTests" name="testGetUserDataDriven" time="1.201"/>
  <testcase classname="api.test.DataDrivenUserTests" name="testDeleteUserDataDriven" time="1.248"/>
  <testcase classname="api.test.DataDrivenUserTests" name="testDeleteUserDataDriven" time="1.177"/>
  <testcase classname="api.test.DataDrivenUserTests" name="testDeleteUserDataDriven" time="1.226"/>
</testsuite> <!-- api.test.DataDrivenUserTests -->
