<?xml version="1.0" encoding="UTF-8"?>
<!-- Generated by org.testng.reporters.JUnitReportReporter -->
<testsuite hostname="DESKTOP-HILNRCA" failures="0" tests="4" name="api.test.UserTestsWithUrlsFromPropertiesFile" time="9.025" errors="0" timestamp="2026-04-24T16:01:11 IST" skipped="0">
  <testcase classname="api.test.UserTestsWithUrlsFromPropertiesFile" name="testCreateUser" time="2.981"/>
  <testcase classname="api.test.UserTestsWithUrlsFromPropertiesFile" name="testGetUserByName" time="1.802"/>
  <testcase classname="api.test.UserTestsWithUrlsFromPropertiesFile" name="testUpdateUser" time="2.734"/>
  <testcase classname="api.test.UserTestsWithUrlsFromPropertiesFile" name="testDeleteUserByName" time="1.508"/>
</testsuite> <!-- api.test.UserTestsWithUrlsFromPropertiesFile -->
