<?xml version="1.0" encoding="UTF-8"?>
<!-- Generated by org.testng.reporters.JUnitReportReporter -->
<testsuite hostname="DESKTOP-HILNRCA" failures="0" tests="9" name="api.test.DataDrivenUserTestsWithPropertiesFile" time="11.661" errors="0" timestamp="2026-04-24T16:01:11 IST" skipped="0">
  <testcase classname="api.test.DataDrivenUserTestsWithPropertiesFile" name="testUserCreateDatadriven" time="1.343"/>
  <testcase classname="api.test.DataDrivenUserTestsWithPropertiesFile" name="testUserCreateDatadriven" time="1.317"/>
  <testcase classname="api.test.DataDrivenUserTestsWithPropertiesFile" name="testUserCreateDatadriven" time="1.311"/>
  <testcase classname="api.test.DataDrivenUserTestsWithPropertiesFile" name="testGetUserDataDriven" time="1.280"/>
  <testcase classname="api.test.DataDrivenUserTestsWithPropertiesFile" name="testGetUserDataDriven" time="1.320"/>
  <testcase classname="api.test.DataDrivenUserTestsWithPropertiesFile" name="testGetUserDataDriven" time="1.316"/>
  <testcase classname="api.test.DataDrivenUserTestsWithPropertiesFile" name="testDeleteUserDataDriven" time="1.314"/>
  <testcase classname="api.test.DataDrivenUserTestsWithPropertiesFile" name="testDeleteUserDataDriven" time="1.228"/>
  <testcase classname="api.test.DataDrivenUserTestsWithPropertiesFile" name="testDeleteUserDataDriven" time="1.232"/>
</testsuite> <!-- api.test.DataDrivenUserTestsWithPropertiesFile -->
